10 [22457802994432] INFO perfrun.launcher <> - Launcher main begin
12 [22457802994432] INFO perfrun.launcher <> - MessageCatalogInit finished
12 [22457802994432] INFO perfrun.launcher <> - Launcher instance created
12 [22457802994432] INFO perfrun.launcher <> - argc = 6; cmdline = /apps/all/Advisor/2021.4.0-GCCcore-10.3.0/advisor/2021.4.0/bin64/advixe-runss -dump-vdso -r /tmp/advixe-tmp-xchoch09/advixe-res-151266-6097115934361540 --tmp-dir /tmp/advixe-tmp-xchoch09 
65 [22457802994432] INFO perfrun.launcher <> - create msngr2::ICliToolContext
65 [22457802994432] INFO perfrun.launcher <> - create file finder object
68 [22457672546048] INFO perfrun.launcher <> - plugin [remoteplug] was disabled because it doesn't support the given collection type.
68 [22457672546048] INFO perfrun.launcher <> - plugin [system] was disabled because it doesn't support the given collection type.
68 [22457672546048] INFO perfrun.vdso <> - dumping [vdso] pseudomodule
68 [22457672546048] INFO perfrun.launcher <> - plugin [itt] was disabled because it doesn't support the given collection type.
68 [22457672546048] INFO perfrun.launcher <> - plugin [] was disabled because it doesn't support the given collection type.
68 [22457672546048] INFO perfrun.launcher <> - plugin [gpu] was disabled because it doesn't support the given collection type.
68 [22457672546048] INFO perfrun.launcher <> - plugin [] was disabled because it doesn't support the given collection type.
69 [22457672546048] INFO perfrun.launcher <> - plugin [] was disabled because it doesn't support the given collection type.
69 [22457672546048] INFO perfrun.launcher <> - plugin [] was disabled because it doesn't support the given collection type.
69 [22457672546048] INFO perfrun.launcher <> - plugin [mrte] was disabled because it doesn't support the given collection type.
69 [22457672546048] INFO perfrun.launcher <> - plugin [] was disabled because it doesn't support the given collection type.
69 [22457672546048] INFO perfrun.launcher <> - plugin [] was disabled because it doesn't support the given collection type.
69 [22457672546048] INFO perfrun.launcher <> - plugin [] was disabled because it doesn't support the given collection type.
69 [22457672546048] INFO perfrun.launcher <> - plugin [] was disabled because it doesn't support the given collection type.
69 [22457672546048] INFO perfrun.launcher <> - plugin [] was disabled because it doesn't support the given collection type.
69 [22457672546048] INFO perfrun.launcher <> - plugin [] was disabled because it doesn't support the given collection type.
69 [22457672546048] INFO perfrun.launcher <> - plugin [] was disabled because it doesn't support the given collection type.
69 [22457672546048] INFO perfrun.launcher <> - plugin [tpss] was disabled because it doesn't support the given collection type.
69 [22457672546048] INFO perfrun.launcher <> - plugin [] was disabled because it doesn't support the given collection type.
69 [22457672546048] INFO perfrun.launcher <> - plugin [] was disabled because it doesn't support the given collection type.
69 [22457672546048] INFO perfrun.launcher <> - plugin [] was disabled because it doesn't support the given collection type.
69 [22457672546048] INFO perfrun.launcher <> - plugin [] was disabled because it doesn't support the given collection type.
69 [22457672546048] INFO perfrun.launcher <> - plugin [] was disabled because it doesn't support the given collection type.
69 [22457672546048] INFO perfrun.launcher <> - plugin [] was disabled because it doesn't support the given collection type.
69 [22457672546048] INFO perfrun.launcher <> - plugin [] was disabled because it doesn't support the given collection type.
69 [22457672546048] INFO perfrun.launcher <> - plugin [] was disabled because it doesn't support the given collection type.
69 [22457672546048] INFO perfrun.launcher <> - plugin [] was disabled because it doesn't support the given collection type.
69 [22457672546048] INFO perfrun.launcher <> - plugin [] was disabled because it doesn't support the given collection type.
69 [22457802994432] INFO perfrun.launcher <> - Application exit code: 0
69 [22457802994432] INFO perfrun.launcher <> - Exit code: 0
