10 [23354992190208] INFO perfrun.launcher <> - Launcher main begin
11 [23354992190208] INFO perfrun.launcher <> - MessageCatalogInit finished
11 [23354992190208] INFO perfrun.launcher <> - Launcher instance created
11 [23354992190208] INFO perfrun.launcher <> - argc = 6; cmdline = /apps/all/Advisor/2021.4.0-GCCcore-10.3.0/advisor/2021.4.0/bin64/advixe-runss -dump-vdso -r /tmp/advixe-tmp-xchoch09/advixe-res-152458-6097346538761154 --tmp-dir /tmp/advixe-tmp-xchoch09 
62 [23354992190208] INFO perfrun.launcher <> - create msngr2::ICliToolContext
62 [23354992190208] INFO perfrun.launcher <> - create file finder object
65 [23354861741824] INFO perfrun.launcher <> - plugin [remoteplug] was disabled because it doesn't support the given collection type.
65 [23354861741824] INFO perfrun.launcher <> - plugin [system] was disabled because it doesn't support the given collection type.
65 [23354861741824] INFO perfrun.vdso <> - dumping [vdso] pseudomodule
66 [23354861741824] INFO perfrun.launcher <> - plugin [itt] was disabled because it doesn't support the given collection type.
66 [23354861741824] INFO perfrun.launcher <> - plugin [] was disabled because it doesn't support the given collection type.
66 [23354861741824] INFO perfrun.launcher <> - plugin [gpu] was disabled because it doesn't support the given collection type.
66 [23354861741824] INFO perfrun.launcher <> - plugin [] was disabled because it doesn't support the given collection type.
66 [23354861741824] INFO perfrun.launcher <> - plugin [] was disabled because it doesn't support the given collection type.
66 [23354861741824] INFO perfrun.launcher <> - plugin [] was disabled because it doesn't support the given collection type.
66 [23354861741824] INFO perfrun.launcher <> - plugin [mrte] was disabled because it doesn't support the given collection type.
66 [23354861741824] INFO perfrun.launcher <> - plugin [] was disabled because it doesn't support the given collection type.
66 [23354861741824] INFO perfrun.launcher <> - plugin [] was disabled because it doesn't support the given collection type.
66 [23354861741824] INFO perfrun.launcher <> - plugin [] was disabled because it doesn't support the given collection type.
66 [23354861741824] INFO perfrun.launcher <> - plugin [] was disabled because it doesn't support the given collection type.
66 [23354861741824] INFO perfrun.launcher <> - plugin [] was disabled because it doesn't support the given collection type.
66 [23354861741824] INFO perfrun.launcher <> - plugin [] was disabled because it doesn't support the given collection type.
66 [23354861741824] INFO perfrun.launcher <> - plugin [] was disabled because it doesn't support the given collection type.
66 [23354861741824] INFO perfrun.launcher <> - plugin [tpss] was disabled because it doesn't support the given collection type.
66 [23354861741824] INFO perfrun.launcher <> - plugin [] was disabled because it doesn't support the given collection type.
66 [23354861741824] INFO perfrun.launcher <> - plugin [] was disabled because it doesn't support the given collection type.
66 [23354861741824] INFO perfrun.launcher <> - plugin [] was disabled because it doesn't support the given collection type.
66 [23354861741824] INFO perfrun.launcher <> - plugin [] was disabled because it doesn't support the given collection type.
66 [23354861741824] INFO perfrun.launcher <> - plugin [] was disabled because it doesn't support the given collection type.
66 [23354861741824] INFO perfrun.launcher <> - plugin [] was disabled because it doesn't support the given collection type.
66 [23354861741824] INFO perfrun.launcher <> - plugin [] was disabled because it doesn't support the given collection type.
66 [23354861741824] INFO perfrun.launcher <> - plugin [] was disabled because it doesn't support the given collection type.
66 [23354861741824] INFO perfrun.launcher <> - plugin [] was disabled because it doesn't support the given collection type.
66 [23354861741824] INFO perfrun.launcher <> - plugin [] was disabled because it doesn't support the given collection type.
66 [23354992190208] INFO perfrun.launcher <> - Application exit code: 0
66 [23354992190208] INFO perfrun.launcher <> - Exit code: 0
